<?xml version="1.0" encoding="UTF-8"?>
<testsuite xmlns:xsi="http://www.w3.org/2001/XMLSchema-instance" xsi:noNamespaceSchemaLocation="https://maven.apache.org/surefire/maven-surefire-plugin/xsd/surefire-test-report-3.0.xsd" version="3.0" name="webdriver.deployment.SmokeTest" time="31.474" tests="18" errors="0" skipped="0" failures="0">
  <properties>
[...]
</properties>
  <testcase name="test0000VerifyLoginPageIsDisplayed" classname="webdriver.deployment.SmokeTest" time="1.145"/>
  <testcase name="test0000aVerifyLoginPageElementsAreDisplayed" classname="webdriver.deployment.SmokeTest" time="0.679"/>
  <testcase name="test0000bLoginPageVerifyCurrentDateIsDisplayed" classname="webdriver.deployment.SmokeTest" time="0.064"/>
  <testcase name="test0000cLoginPageVerifyReleaseVersion" classname="webdriver.deployment.SmokeTest" time="0.035"/>
  <testcase name="test0000dLoginPageVerifyHarrisLogoImage" classname="webdriver.deployment.SmokeTest" time="0.143"/>
  <testcase name="test0000eLoginPageVerifyLogInPageHeaderIsLogIn" classname="webdriver.deployment.SmokeTest" time="0.039"/>
  <testcase name="test0000fLoginPageVerifySignInSectionHeaderIsSignIn" classname="webdriver.deployment.SmokeTest" time="0.043"/>
  <testcase name="test0000gLoginPageVerifyUsernameAndPasswordFieldLabelsAreDisplayed" classname="webdriver.deployment.SmokeTest" time="0.116"/>
  <testcase name="test0000hLoginPageVerifyLoginButtonTextIsLogIn" classname="webdriver.deployment.SmokeTest" time="0.046"/>
  <testcase name="test0001LandingPageSystemMaintenance" classname="webdriver.deployment.SmokeTest" time="12.86"/>
  <testcase name="test0002LandingPageDataMaintenance" classname="webdriver.deployment.SmokeTest" time="0.348"/>
  <testcase name="test0003LandingPageBudgeting" classname="webdriver.deployment.SmokeTest" time="3.235"/>
  <testcase name="test0004LandingPageEpisodes" classname="webdriver.deployment.SmokeTest" time="0.184"/>
  <testcase name="test0005LandingPageContracting" classname="webdriver.deployment.SmokeTest" time="0.361"/>
  <testcase name="test0006LandingPageCosting" classname="webdriver.deployment.SmokeTest" time="0.426"/>
  <testcase name="test0007LandingPageReporting" classname="webdriver.deployment.SmokeTest" time="0.333"/>
  <testcase name="test0008LandingPageAnalytics" classname="webdriver.deployment.SmokeTest" time="0.322"/>
  <testcase name="test0009aGlobalHeader" classname="webdriver.deployment.SmokeTest" time="0.31"/>
</testsuite>